2022-01-07 22:17:27.854  INFO 4068 --- [main] t.e.s.controller.RestControlEmployeTest  : Starting RestControlEmployeTest on MohamedPC with PID 4068 (started by Mohamed Khemaissia in C:\Users\Mohamed Khemaissia\git\timesheet\TimesheetRepo)
2022-01-07 22:17:27.859  INFO 4068 --- [main] t.e.s.controller.RestControlEmployeTest  : No active profile set, falling back to default profiles: default
2022-01-07 22:17:28.483  INFO 4068 --- [main] .s.d.r.c.RepositoryConfigurationDelegate : Bootstrapping Spring Data repositories in DEFAULT mode.
2022-01-07 22:17:28.575  INFO 4068 --- [main] .s.d.r.c.RepositoryConfigurationDelegate : Finished Spring Data repository scanning in 83ms. Found 6 repository interfaces.
2022-01-07 22:17:29.208  INFO 4068 --- [main] trationDelegate$BeanPostProcessorChecker : Bean 'org.springframework.transaction.annotation.ProxyTransactionManagementConfiguration' of type [org.springframework.transaction.annotation.ProxyTransactionManagementConfiguration$$EnhancerBySpringCGLIB$$f24cce4] is not eligible for getting processed by all BeanPostProcessors (for example: not eligible for auto-proxying)
2022-01-07 22:17:29.369  INFO 4068 --- [main] com.zaxxer.hikari.HikariDataSource       : HikariPool-1 - Starting...
2022-01-07 22:17:29.519  INFO 4068 --- [main] com.zaxxer.hikari.HikariDataSource       : HikariPool-1 - Start completed.
2022-01-07 22:17:29.581  INFO 4068 --- [main] o.hibernate.jpa.internal.util.LogHelper  : HHH000204: Processing PersistenceUnitInfo [
	name: default
	...]
2022-01-07 22:17:29.645  INFO 4068 --- [main] org.hibernate.Version                    : HHH000412: Hibernate Core {5.3.9.Final}
2022-01-07 22:17:29.647  INFO 4068 --- [main] org.hibernate.cfg.Environment            : HHH000206: hibernate.properties not found
2022-01-07 22:17:29.690  INFO 4068 --- [main] o.hibernate.annotations.common.Version   : HCANN000001: Hibernate Commons Annotations {5.0.4.Final}
2022-01-07 22:17:29.980  INFO 4068 --- [main] org.hibernate.dialect.Dialect            : HHH000400: Using dialect: org.hibernate.dialect.MySQL5Dialect
2022-01-07 22:17:30.496  INFO 4068 --- [main] j.LocalContainerEntityManagerFactoryBean : Initialized JPA EntityManagerFactory for persistence unit 'default'
2022-01-07 22:17:30.892  INFO 4068 --- [main] o.h.h.i.QueryTranslatorFactoryInitiator  : HHH000397: Using ASTQueryTranslatorFactory
2022-01-07 22:17:31.867  INFO 4068 --- [main] o.s.s.concurrent.ThreadPoolTaskExecutor  : Initializing ExecutorService 'applicationTaskExecutor'
2022-01-07 22:17:31.917  WARN 4068 --- [main] aWebConfiguration$JpaWebMvcConfiguration : spring.jpa.open-in-view is enabled by default. Therefore, database queries may be performed during view rendering. Explicitly configure spring.jpa.open-in-view to disable this warning
2022-01-07 22:17:32.233  INFO 4068 --- [main] o.s.b.t.m.w.SpringBootMockServletContext : Initializing Spring TestDispatcherServlet ''
2022-01-07 22:17:32.233  INFO 4068 --- [main] o.s.t.web.servlet.TestDispatcherServlet  : Initializing Servlet ''
2022-01-07 22:17:32.243  INFO 4068 --- [main] o.s.t.web.servlet.TestDispatcherServlet  : Completed initialization in 10 ms
2022-01-07 22:17:32.264  INFO 4068 --- [main] t.e.s.controller.RestControlEmployeTest  : Started RestControlEmployeTest in 4.625 seconds (JVM running for 5.363)
2022-01-07 22:17:32.445  INFO 4068 --- [main] .b.t.c.SpringBootTestContextBootstrapper : Neither @ContextConfiguration nor @ContextHierarchy found for test class [tn.esprit.spring.controller.RestControlEntrepriseTest], using SpringBootContextLoader
2022-01-07 22:17:32.446  INFO 4068 --- [main] o.s.t.c.support.AbstractContextLoader    : Could not detect default resource locations for test class [tn.esprit.spring.controller.RestControlEntrepriseTest]: no resource found for suffixes {-context.xml, Context.groovy}.
2022-01-07 22:17:32.446  INFO 4068 --- [main] t.c.s.AnnotationConfigContextLoaderUtils : Could not detect default configuration classes for test class [tn.esprit.spring.controller.RestControlEntrepriseTest]: RestControlEntrepriseTest does not declare any static, non-private, non-final, nested classes annotated with @Configuration.
2022-01-07 22:17:32.449  INFO 4068 --- [main] .b.t.c.SpringBootTestContextBootstrapper : Found @SpringBootConfiguration tn.esprit.spring.TimesheetSpringBootCoreDataJpaMvcRest1Application for test class tn.esprit.spring.controller.RestControlEntrepriseTest
2022-01-07 22:17:32.450  INFO 4068 --- [main] .b.t.c.SpringBootTestContextBootstrapper : Loaded default TestExecutionListener class names from location [META-INF/spring.factories]: [org.springframework.boot.test.mock.mockito.MockitoTestExecutionListener, org.springframework.boot.test.mock.mockito.ResetMocksTestExecutionListener, org.springframework.boot.test.autoconfigure.restdocs.RestDocsTestExecutionListener, org.springframework.boot.test.autoconfigure.web.client.MockRestServiceServerResetTestExecutionListener, org.springframework.boot.test.autoconfigure.web.servlet.MockMvcPrintOnlyOnFailureTestExecutionListener, org.springframework.boot.test.autoconfigure.web.servlet.WebDriverTestExecutionListener, org.springframework.test.context.web.ServletTestExecutionListener, org.springframework.test.context.support.DirtiesContextBeforeModesTestExecutionListener, org.springframework.test.context.support.DependencyInjectionTestExecutionListener, org.springframework.test.context.support.DirtiesContextTestExecutionListener, org.springframework.test.context.transaction.TransactionalTestExecutionListener, org.springframework.test.context.jdbc.SqlScriptsTestExecutionListener]
2022-01-07 22:17:32.450  INFO 4068 --- [main] .b.t.c.SpringBootTestContextBootstrapper : Using TestExecutionListeners: [org.springframework.test.context.web.ServletTestExecutionListener@13714753, org.springframework.test.context.support.DirtiesContextBeforeModesTestExecutionListener@3c3cd7a5, org.springframework.boot.test.mock.mockito.MockitoTestExecutionListener@96be1ae, org.springframework.boot.test.autoconfigure.SpringBootDependencyInjectionTestExecutionListener@6eb5b9e7, org.springframework.test.context.support.DirtiesContextTestExecutionListener@77e730bd, org.springframework.test.context.transaction.TransactionalTestExecutionListener@2d3c501b, org.springframework.test.context.jdbc.SqlScriptsTestExecutionListener@7b8cb283, org.springframework.boot.test.mock.mockito.ResetMocksTestExecutionListener@38b54694, org.springframework.boot.test.autoconfigure.restdocs.RestDocsTestExecutionListener@7619fbe7, org.springframework.boot.test.autoconfigure.web.client.MockRestServiceServerResetTestExecutionListener@39ead1b7, org.springframework.boot.test.autoconfigure.web.servlet.MockMvcPrintOnlyOnFailureTestExecutionListener@27ec74a3, org.springframework.boot.test.autoconfigure.web.servlet.WebDriverTestExecutionListener@35ff072c]
2022-01-07 22:17:32.477  INFO 4068 --- [main] t.e.s.c.RestControlEntrepriseTest        : Starting RestControlEntrepriseTest on MohamedPC with PID 4068 (started by Mohamed Khemaissia in C:\Users\Mohamed Khemaissia\git\timesheet\TimesheetRepo)
2022-01-07 22:17:32.478  INFO 4068 --- [main] t.e.s.c.RestControlEntrepriseTest        : No active profile set, falling back to default profiles: default
2022-01-07 22:17:32.618  INFO 4068 --- [main] .s.d.r.c.RepositoryConfigurationDelegate : Bootstrapping Spring Data repositories in DEFAULT mode.
2022-01-07 22:17:32.645  INFO 4068 --- [main] .s.d.r.c.RepositoryConfigurationDelegate : Finished Spring Data repository scanning in 26ms. Found 6 repository interfaces.
2022-01-07 22:17:32.726  INFO 4068 --- [main] trationDelegate$BeanPostProcessorChecker : Bean 'org.springframework.transaction.annotation.ProxyTransactionManagementConfiguration' of type [org.springframework.transaction.annotation.ProxyTransactionManagementConfiguration$$EnhancerBySpringCGLIB$$f24cce4] is not eligible for getting processed by all BeanPostProcessors (for example: not eligible for auto-proxying)
2022-01-07 22:17:32.799  INFO 4068 --- [main] com.zaxxer.hikari.HikariDataSource       : HikariPool-2 - Starting...
2022-01-07 22:17:32.800  INFO 4068 --- [main] com.zaxxer.hikari.HikariDataSource       : HikariPool-2 - Start completed.
2022-01-07 22:17:32.835  INFO 4068 --- [main] o.hibernate.jpa.internal.util.LogHelper  : HHH000204: Processing PersistenceUnitInfo [
	name: default
	...]
2022-01-07 22:17:32.843  INFO 4068 --- [main] org.hibernate.dialect.Dialect            : HHH000400: Using dialect: org.hibernate.dialect.MySQL5Dialect
2022-01-07 22:17:32.973  INFO 4068 --- [main] j.LocalContainerEntityManagerFactoryBean : Initialized JPA EntityManagerFactory for persistence unit 'default'
2022-01-07 22:17:33.225  INFO 4068 --- [main] o.h.h.i.QueryTranslatorFactoryInitiator  : HHH000397: Using ASTQueryTranslatorFactory
2022-01-07 22:17:33.285  INFO 4068 --- [main] o.s.s.concurrent.ThreadPoolTaskExecutor  : Initializing ExecutorService 'applicationTaskExecutor'
2022-01-07 22:17:33.293  WARN 4068 --- [main] aWebConfiguration$JpaWebMvcConfiguration : spring.jpa.open-in-view is enabled by default. Therefore, database queries may be performed during view rendering. Explicitly configure spring.jpa.open-in-view to disable this warning
2022-01-07 22:17:33.487  INFO 4068 --- [main] o.s.b.t.m.w.SpringBootMockServletContext : Initializing Spring TestDispatcherServlet ''
2022-01-07 22:17:33.487  INFO 4068 --- [main] o.s.t.web.servlet.TestDispatcherServlet  : Initializing Servlet ''
2022-01-07 22:17:33.494  INFO 4068 --- [main] o.s.t.web.servlet.TestDispatcherServlet  : Completed initialization in 7 ms
2022-01-07 22:17:33.504  INFO 4068 --- [main] t.e.s.c.RestControlEntrepriseTest        : Started RestControlEntrepriseTest in 1.052 seconds (JVM running for 6.603)
2022-01-07 22:17:33.533  INFO 4068 --- [main] .b.t.c.SpringBootTestContextBootstrapper : Neither @ContextConfiguration nor @ContextHierarchy found for test class [tn.esprit.spring.controller.RestControlTimesheetTest], using SpringBootContextLoader
2022-01-07 22:17:33.534  INFO 4068 --- [main] o.s.t.c.support.AbstractContextLoader    : Could not detect default resource locations for test class [tn.esprit.spring.controller.RestControlTimesheetTest]: no resource found for suffixes {-context.xml, Context.groovy}.
2022-01-07 22:17:33.534  INFO 4068 --- [main] t.c.s.AnnotationConfigContextLoaderUtils : Could not detect default configuration classes for test class [tn.esprit.spring.controller.RestControlTimesheetTest]: RestControlTimesheetTest does not declare any static, non-private, non-final, nested classes annotated with @Configuration.
2022-01-07 22:17:33.537  INFO 4068 --- [main] .b.t.c.SpringBootTestContextBootstrapper : Found @SpringBootConfiguration tn.esprit.spring.TimesheetSpringBootCoreDataJpaMvcRest1Application for test class tn.esprit.spring.controller.RestControlTimesheetTest
2022-01-07 22:17:33.538  INFO 4068 --- [main] .b.t.c.SpringBootTestContextBootstrapper : Loaded default TestExecutionListener class names from location [META-INF/spring.factories]: [org.springframework.boot.test.mock.mockito.MockitoTestExecutionListener, org.springframework.boot.test.mock.mockito.ResetMocksTestExecutionListener, org.springframework.boot.test.autoconfigure.restdocs.RestDocsTestExecutionListener, org.springframework.boot.test.autoconfigure.web.client.MockRestServiceServerResetTestExecutionListener, org.springframework.boot.test.autoconfigure.web.servlet.MockMvcPrintOnlyOnFailureTestExecutionListener, org.springframework.boot.test.autoconfigure.web.servlet.WebDriverTestExecutionListener, org.springframework.test.context.web.ServletTestExecutionListener, org.springframework.test.context.support.DirtiesContextBeforeModesTestExecutionListener, org.springframework.test.context.support.DependencyInjectionTestExecutionListener, org.springframework.test.context.support.DirtiesContextTestExecutionListener, org.springframework.test.context.transaction.TransactionalTestExecutionListener, org.springframework.test.context.jdbc.SqlScriptsTestExecutionListener]
2022-01-07 22:17:33.539  INFO 4068 --- [main] .b.t.c.SpringBootTestContextBootstrapper : Using TestExecutionListeners: [org.springframework.test.context.web.ServletTestExecutionListener@15fe020d, org.springframework.test.context.support.DirtiesContextBeforeModesTestExecutionListener@10830d50, org.springframework.boot.test.mock.mockito.MockitoTestExecutionListener@1e3dc24f, org.springframework.boot.test.autoconfigure.SpringBootDependencyInjectionTestExecutionListener@3ea8ff31, org.springframework.test.context.support.DirtiesContextTestExecutionListener@5ba36c83, org.springframework.test.context.transaction.TransactionalTestExecutionListener@5342032a, org.springframework.test.context.jdbc.SqlScriptsTestExecutionListener@239d9cb7, org.springframework.boot.test.mock.mockito.ResetMocksTestExecutionListener@5a35ae82, org.springframework.boot.test.autoconfigure.restdocs.RestDocsTestExecutionListener@1ab21633, org.springframework.boot.test.autoconfigure.web.client.MockRestServiceServerResetTestExecutionListener@59aa1d1c, org.springframework.boot.test.autoconfigure.web.servlet.MockMvcPrintOnlyOnFailureTestExecutionListener@169d4aba, org.springframework.boot.test.autoconfigure.web.servlet.WebDriverTestExecutionListener@612bb755]
2022-01-07 22:17:33.553  INFO 4068 --- [main] t.e.s.c.RestControlTimesheetTest         : Starting RestControlTimesheetTest on MohamedPC with PID 4068 (started by Mohamed Khemaissia in C:\Users\Mohamed Khemaissia\git\timesheet\TimesheetRepo)
2022-01-07 22:17:33.553  INFO 4068 --- [main] t.e.s.c.RestControlTimesheetTest         : No active profile set, falling back to default profiles: default
2022-01-07 22:17:33.685  INFO 4068 --- [main] .s.d.r.c.RepositoryConfigurationDelegate : Bootstrapping Spring Data repositories in DEFAULT mode.
2022-01-07 22:17:33.707  INFO 4068 --- [main] .s.d.r.c.RepositoryConfigurationDelegate : Finished Spring Data repository scanning in 22ms. Found 6 repository interfaces.
2022-01-07 22:17:33.761  INFO 4068 --- [main] trationDelegate$BeanPostProcessorChecker : Bean 'org.springframework.transaction.annotation.ProxyTransactionManagementConfiguration' of type [org.springframework.transaction.annotation.ProxyTransactionManagementConfiguration$$EnhancerBySpringCGLIB$$f24cce4] is not eligible for getting processed by all BeanPostProcessors (for example: not eligible for auto-proxying)
2022-01-07 22:17:33.813  INFO 4068 --- [main] com.zaxxer.hikari.HikariDataSource       : HikariPool-3 - Starting...
2022-01-07 22:17:33.814  INFO 4068 --- [main] com.zaxxer.hikari.HikariDataSource       : HikariPool-3 - Start completed.
2022-01-07 22:17:33.834  INFO 4068 --- [main] o.hibernate.jpa.internal.util.LogHelper  : HHH000204: Processing PersistenceUnitInfo [
	name: default
	...]
2022-01-07 22:17:33.841  INFO 4068 --- [main] org.hibernate.dialect.Dialect            : HHH000400: Using dialect: org.hibernate.dialect.MySQL5Dialect
2022-01-07 22:17:33.938  INFO 4068 --- [main] j.LocalContainerEntityManagerFactoryBean : Initialized JPA EntityManagerFactory for persistence unit 'default'
2022-01-07 22:17:33.999  INFO 4068 --- [main] o.h.h.i.QueryTranslatorFactoryInitiator  : HHH000397: Using ASTQueryTranslatorFactory
2022-01-07 22:17:34.293  INFO 4068 --- [main] o.s.s.concurrent.ThreadPoolTaskExecutor  : Initializing ExecutorService 'applicationTaskExecutor'
2022-01-07 22:17:34.300  WARN 4068 --- [main] aWebConfiguration$JpaWebMvcConfiguration : spring.jpa.open-in-view is enabled by default. Therefore, database queries may be performed during view rendering. Explicitly configure spring.jpa.open-in-view to disable this warning
2022-01-07 22:17:34.449  INFO 4068 --- [main] o.s.b.t.m.w.SpringBootMockServletContext : Initializing Spring TestDispatcherServlet ''
2022-01-07 22:17:34.450  INFO 4068 --- [main] o.s.t.web.servlet.TestDispatcherServlet  : Initializing Servlet ''
2022-01-07 22:17:34.455  INFO 4068 --- [main] o.s.t.web.servlet.TestDispatcherServlet  : Completed initialization in 5 ms
2022-01-07 22:17:34.462  INFO 4068 --- [main] t.e.s.c.RestControlTimesheetTest         : Started RestControlTimesheetTest in 0.921 seconds (JVM running for 7.56)
2022-01-07 22:17:34.482  INFO 4068 --- [Thread-3] o.s.s.concurrent.ThreadPoolTaskExecutor  : Shutting down ExecutorService 'applicationTaskExecutor'
2022-01-07 22:17:34.482  INFO 4068 --- [Thread-9] o.s.s.concurrent.ThreadPoolTaskExecutor  : Shutting down ExecutorService 'applicationTaskExecutor'
2022-01-07 22:17:34.482  INFO 4068 --- [Thread-6] o.s.s.concurrent.ThreadPoolTaskExecutor  : Shutting down ExecutorService 'applicationTaskExecutor'
2022-01-07 22:17:34.484  INFO 4068 --- [Thread-3] j.LocalContainerEntityManagerFactoryBean : Closing JPA EntityManagerFactory for persistence unit 'default'
2022-01-07 22:17:34.484  INFO 4068 --- [Thread-9] j.LocalContainerEntityManagerFactoryBean : Closing JPA EntityManagerFactory for persistence unit 'default'
2022-01-07 22:17:34.484  INFO 4068 --- [Thread-6] j.LocalContainerEntityManagerFactoryBean : Closing JPA EntityManagerFactory for persistence unit 'default'
2022-01-07 22:17:34.486  INFO 4068 --- [Thread-9] com.zaxxer.hikari.HikariDataSource       : HikariPool-3 - Shutdown initiated...
2022-01-07 22:17:34.486  INFO 4068 --- [Thread-3] com.zaxxer.hikari.HikariDataSource       : HikariPool-1 - Shutdown initiated...
2022-01-07 22:17:34.486  INFO 4068 --- [Thread-6] com.zaxxer.hikari.HikariDataSource       : HikariPool-2 - Shutdown initiated...
2022-01-07 22:17:34.489  INFO 4068 --- [Thread-3] com.zaxxer.hikari.HikariDataSource       : HikariPool-1 - Shutdown completed.
2022-01-07 22:17:34.490  INFO 4068 --- [Thread-9] com.zaxxer.hikari.HikariDataSource       : HikariPool-3 - Shutdown completed.
2022-01-07 22:17:34.491  INFO 4068 --- [Thread-6] com.zaxxer.hikari.HikariDataSource       : HikariPool-2 - Shutdown completed.
